<?xml version="1.0" encoding="UTF-8"?>
<robot generator="Robot 6.0.2 (Python 3.11.0 on win32)" generated="20230302 17:26:00.151" rpa="false" schemaversion="3">
<suite id="s1" name="TestCases" source="D:\Learning\Robot Framwork\Tests\TestCases.robot">
<test id="s1-t1" name="Search Oneplus mobile on flipkart and add to cart" line="6">
<kw name="Open flipkart" library="instructions">
<kw name="Open Browser" library="SeleniumLibrary">
<arg>${siteUrl}</arg>
<arg>${brows}</arg>
<doc>Opens a new browser instance to the optional ``url``.</doc>
<msg timestamp="20230302 17:26:00.602" level="INFO">Opening browser 'gc' to base url 'https://www.flipkart.com/'.</msg>
<status status="PASS" starttime="20230302 17:26:00.601" endtime="20230302 17:26:04.774"/>
</kw>
<kw name="Maximize Browser Window" library="SeleniumLibrary">
<doc>Maximizes current browser window.</doc>
<status status="PASS" starttime="20230302 17:26:04.774" endtime="20230302 17:26:04.976"/>
</kw>
<kw name="Click Button" library="SeleniumLibrary">
<arg>✕</arg>
<doc>Clicks the button identified by ``locator``.</doc>
<msg timestamp="20230302 17:26:04.977" level="INFO">Clicking button '✕'.</msg>
<status status="PASS" starttime="20230302 17:26:04.976" endtime="20230302 17:26:05.148"/>
</kw>
<status status="PASS" starttime="20230302 17:26:00.600" endtime="20230302 17:26:05.149"/>
</kw>
<kw name="Click on tab" library="instructions">
<arg>Mobiles</arg>
<kw name="Click Image" library="SeleniumLibrary">
<arg>${tabName}</arg>
<doc>Clicks an image identified by ``locator``.</doc>
<msg timestamp="20230302 17:26:05.152" level="INFO">Clicking image 'Mobiles'.</msg>
<status status="PASS" starttime="20230302 17:26:05.151" endtime="20230302 17:26:05.265"/>
</kw>
<kw name="Sleep" library="BuiltIn">
<arg>5</arg>
<doc>Pauses the test executed for the given time.</doc>
<msg timestamp="20230302 17:26:10.266" level="INFO">Slept 5 seconds</msg>
<status status="PASS" starttime="20230302 17:26:05.265" endtime="20230302 17:26:10.266"/>
</kw>
<status status="PASS" starttime="20230302 17:26:05.150" endtime="20230302 17:26:10.266"/>
</kw>
<kw name="Search" library="instructions">
<arg>oneplus</arg>
<kw name="Input Text" library="SeleniumLibrary">
<arg>q</arg>
<arg>${searchString}</arg>
<doc>Types the given ``text`` into the text field identified by ``locator``.</doc>
<msg timestamp="20230302 17:26:10.268" level="INFO">Typing text 'oneplus' into text field 'q'.</msg>
<status status="PASS" starttime="20230302 17:26:10.266" endtime="20230302 17:26:10.422"/>
</kw>
<kw name="Press Keys" library="SeleniumLibrary">
<arg>q</arg>
<arg>ENTER</arg>
<doc>Simulates the user pressing key(s) to an element or on the active browser.</doc>
<msg timestamp="20230302 17:26:10.423" level="INFO">Sending key(s) ('ENTER',) to q element.</msg>
<msg timestamp="20230302 17:26:10.704" level="INFO">Pressing special key ENTER to element.</msg>
<msg timestamp="20230302 17:26:10.704" level="INFO">Releasing special key ENTER.</msg>
<status status="PASS" starttime="20230302 17:26:10.422" endtime="20230302 17:26:10.727"/>
</kw>
<kw name="Sleep" library="BuiltIn">
<arg>5</arg>
<doc>Pauses the test executed for the given time.</doc>
<msg timestamp="20230302 17:26:15.729" level="INFO">Slept 5 seconds</msg>
<status status="PASS" starttime="20230302 17:26:10.728" endtime="20230302 17:26:15.729"/>
</kw>
<status status="PASS" starttime="20230302 17:26:10.266" endtime="20230302 17:26:15.729"/>
</kw>
<kw name="Select item" library="instructions">
<arg>OnePlus 11 5G (Titan Black, 256 GB)</arg>
<kw name="Scroll Element Into View" library="SeleniumLibrary">
<arg>xpath://*[text()="${itemText}"]</arg>
<doc>Scrolls the element identified by ``locator`` into view.</doc>
<status status="PASS" starttime="20230302 17:26:15.729" endtime="20230302 17:26:16.121"/>
</kw>
<kw name="Click Link" library="SeleniumLibrary">
<arg>${itemText}</arg>
<doc>Clicks a link identified by ``locator``.</doc>
<msg timestamp="20230302 17:26:16.121" level="INFO">Clicking link 'OnePlus 11 5G (Titan Black, 256 GB)'.</msg>
<status status="PASS" starttime="20230302 17:26:16.121" endtime="20230302 17:26:16.425"/>
</kw>
<kw name="Sleep" library="BuiltIn">
<arg>5</arg>
<doc>Pauses the test executed for the given time.</doc>
<msg timestamp="20230302 17:26:21.428" level="INFO">Slept 5 seconds</msg>
<status status="PASS" starttime="20230302 17:26:16.425" endtime="20230302 17:26:21.428"/>
</kw>
<status status="PASS" starttime="20230302 17:26:15.729" endtime="20230302 17:26:21.429"/>
</kw>
<kw name="Add item to Cart" library="instructions">
<kw name="Switch Window" library="SeleniumLibrary">
<arg>NEW</arg>
<doc>Switches to browser window matching ``locator``.</doc>
<status status="PASS" starttime="20230302 17:26:21.432" endtime="20230302 17:26:21.498"/>
</kw>
<kw name="Scroll Element Into View" library="SeleniumLibrary">
<arg>xpath://*[text()="Add to cart"]</arg>
<doc>Scrolls the element identified by ``locator`` into view.</doc>
<status status="PASS" starttime="20230302 17:26:21.499" endtime="20230302 17:26:21.901"/>
</kw>
<kw name="Click Element" library="SeleniumLibrary">
<arg>xpath://*[text()="Add to cart"]</arg>
<doc>Click the element identified by ``locator``.</doc>
<msg timestamp="20230302 17:26:21.901" level="INFO">Clicking element 'xpath://*[text()="Add to cart"]'.</msg>
<status status="PASS" starttime="20230302 17:26:21.901" endtime="20230302 17:26:22.021"/>
</kw>
<kw name="Sleep" library="BuiltIn">
<arg>5</arg>
<doc>Pauses the test executed for the given time.</doc>
<msg timestamp="20230302 17:26:27.022" level="INFO">Slept 5 seconds</msg>
<status status="PASS" starttime="20230302 17:26:22.022" endtime="20230302 17:26:27.022"/>
</kw>
<status status="PASS" starttime="20230302 17:26:21.431" endtime="20230302 17:26:27.023"/>
</kw>
<kw name="Wait for item" library="instructions">
<arg>OnePlus 11 5G (Titan Black, 256 GB)</arg>
<kw name="Click Link" library="SeleniumLibrary">
<arg>xpath://*[text()="Cart"]/..</arg>
<doc>Clicks a link identified by ``locator``.</doc>
<msg timestamp="20230302 17:26:27.027" level="INFO">Clicking link 'xpath://*[text()="Cart"]/..'.</msg>
<status status="PASS" starttime="20230302 17:26:27.026" endtime="20230302 17:26:27.241"/>
</kw>
<kw name="Wait Until Element Is Visible" library="SeleniumLibrary">
<arg>xpath://*[text()="${itemText}"]</arg>
<doc>Waits until the element ``locator`` is visible.</doc>
<status status="PASS" starttime="20230302 17:26:27.241" endtime="20230302 17:26:27.340"/>
</kw>
<status status="PASS" starttime="20230302 17:26:27.024" endtime="20230302 17:26:27.341"/>
</kw>
<status status="PASS" starttime="20230302 17:26:00.599" endtime="20230302 17:26:27.341"/>
</test>
<status status="PASS" starttime="20230302 17:26:00.154" endtime="20230302 17:26:27.344"/>
</suite>
<statistics>
<total>
<stat pass="1" fail="0" skip="0">All Tests</stat>
</total>
<tag>
</tag>
<suite>
<stat pass="1" fail="0" skip="0" id="s1" name="TestCases">TestCases</stat>
</suite>
</statistics>
<errors>
</errors>
</robot>
